#
# A fatal error has been detected by the Java Runtime Environment:
#
#  EXCEPTION_ACCESS_VIOLATION (0xc0000005) at pc=0x000000006c2b1600, pid=4484, tid=0x0000000000001ce8
#
# JRE version: Java(TM) SE Runtime Environment (8.0_112-b15) (build 1.8.0_112-b15)
# Java VM: Java HotSpot(TM) 64-Bit Server VM (25.112-b15 mixed mode windows-amd64 compressed oops)
# Problematic frame:
# V  [jvm.dll+0x4a1600]
#
# Failed to write core dump. Minidumps are not enabled by default on client versions of Windows
#
# If you would like to submit a bug report, please visit:
#   http://bugreport.java.com/bugreport/crash.jsp
#

---------------  T H R E A D  ---------------

Current thread (0x00000000153c9000):  JavaThread "C2 CompilerThread0" daemon [_thread_in_native, id=7400, stack(0x0000000016a10000,0x0000000016b10000)]

siginfo: ExceptionCode=0xc0000005, reading address 0x000000006862ae10

Registers:
RAX=0x0000000000000000, RBX=0x000000002ba074e0, RCX=0x000000006862ae10, RDX=0x0000000000000000
RSP=0x0000000016b0c5b0, RBP=0x0000000000000007, RSI=0x0000000000000038, RDI=0x0000000016b0c600
R8 =0x0000000000800000, R9 =0x0000000026018fc0, R10=0x000000006be10000, R11=0x0000000016b0c4d0
R12=0x000000006c62ae10, R13=0x000000006be10000, R14=0x00000000179a20e8, R15=0x00000000000003d8
RIP=0x000000006c2b1600, EFLAGS=0x0000000000010246

Top of Stack: (sp=0x0000000016b0c5b0)
0x0000000016b0c5b0:   0000000016b0ed80 000000002ba75ee0
0x0000000016b0c5c0:   0000000025f3a3b8 000000006c2ad34e
0x0000000016b0c5d0:   0000000000000f17 000000006c2ac6cf
0x0000000016b0c5e0:   000000002ba6ac20 000000002ba074e0
0x0000000016b0c5f0:   0000000000000f17 0000000016b0c6e0
0x0000000016b0c600:   000003aa00000000 0000000000000006
0x0000000016b0c610:   000000006862ae10 0000000000000004
0x0000000016b0c620:   0000000028794488 0000000000000015
0x0000000016b0c630:   000000002ba79b80 00000000179a1d00
0x0000000016b0c640:   00000000179a1d10 0000000016b0c9d0
0x0000000016b0c650:   00000000179a1d00 000000006c2785f3
0x0000000016b0c660:   0000000016b0cae0 0000000016b0c760
0x0000000016b0c670:   0000000000000000 0000000000000000
0x0000000016b0c680:   0000000000000002 00000000179a1d00
0x0000000016b0c690:   0000000026017e40 0000000026019170
0x0000000016b0c6a0:   000000002601fe28 00000000005ac3a0 

Instructions: (pc=0x000000006c2b1600)
0x000000006c2b15e0:   48 8b 4f 20 48 39 04 0e 0f 84 9d 00 00 00 48 8b
0x000000006c2b15f0:   0c 0e 33 d2 33 c0 48 89 4f 10 66 0f 1f 44 00 00
0x000000006c2b1600:   83 3c 08 00 0f 85 36 01 00 00 ff c2 48 83 c0 04
0x000000006c2b1610:   83 fa 08 72 eb 48 8b 47 30 48 89 44 24 30 48 85 


Register to memory mapping:

RAX=0x0000000000000000 is an unknown value
RBX=0x000000002ba074e0 is an unknown value
RCX=0x000000006862ae10 is an unknown value
RDX=0x0000000000000000 is an unknown value
RSP=0x0000000016b0c5b0 is pointing into the stack for thread: 0x00000000153c9000
RBP=0x0000000000000007 is an unknown value
RSI=0x0000000000000038 is an unknown value
RDI=0x0000000016b0c600 is pointing into the stack for thread: 0x00000000153c9000
R8 =0x0000000000800000 is an unknown value
R9 =0x0000000026018fc0 is an unknown value
R10=0x000000006be10000 is an unknown value
R11=0x0000000016b0c4d0 is pointing into the stack for thread: 0x00000000153c9000
R12=0x000000006c62ae10 is an unknown value
R13=0x000000006be10000 is an unknown value
R14=0x00000000179a20e8 is an unknown value
R15=0x00000000000003d8 is an unknown value


Stack: [0x0000000016a10000,0x0000000016b10000],  sp=0x0000000016b0c5b0,  free space=1009k
Native frames: (J=compiled Java code, j=interpreted, Vv=VM code, C=native code)
V  [jvm.dll+0x4a1600]
V  [jvm.dll+0x49c6cf]
V  [jvm.dll+0x4685f3]
V  [jvm.dll+0x473c3b]
V  [jvm.dll+0x476547]
V  [jvm.dll+0x458ff2]
V  [jvm.dll+0xa5932]
V  [jvm.dll+0xa626f]
V  [jvm.dll+0x244b1f]
V  [jvm.dll+0x29c36a]
C  [msvcr100.dll+0x21d9f]
C  [msvcr100.dll+0x21e3b]
C  [KERNEL32.DLL+0x8364]
C  [ntdll.dll+0x670d1]


Current CompileTask:
C2:  23150 3416   !   4       javafx.scene.CssStyleHelper::transitionToState (1075 bytes)


---------------  P R O C E S S  ---------------

Java Threads: ( => current thread )
  0x0000000026472800 JavaThread "Abandoned connection cleanup thread" daemon [_thread_blocked, id=1224, stack(0x00000000276a0000,0x00000000277a0000)]
  0x00000000175bc000 JavaThread "Prism Font Disposer" daemon [_thread_blocked, id=8832, stack(0x000000001dd30000,0x000000001de30000)]
  0x0000000017484000 JavaThread "Thread-3" daemon [_thread_in_native, id=6704, stack(0x000000001c470000,0x000000001c570000)]
  0x00000000170f9000 JavaThread "JavaFX-Launcher" [_thread_blocked, id=7564, stack(0x000000001c570000,0x000000001c670000)]
  0x00000000170e2000 JavaThread "JavaFX Application Thread" [_thread_in_native, id=2924, stack(0x0000000017de0000,0x0000000017ee0000)]
  0x00000000170d2000 JavaThread "Thread-1" daemon [_thread_blocked, id=3264, stack(0x0000000017ce0000,0x0000000017de0000)]
  0x00000000170fc000 JavaThread "QuantumRenderer-0" daemon [_thread_blocked, id=840, stack(0x0000000017310000,0x0000000017410000)]
  0x000000001541e800 JavaThread "Service Thread" daemon [_thread_blocked, id=4404, stack(0x0000000017110000,0x0000000017210000)]
  0x00000000153bc800 JavaThread "C1 CompilerThread2" daemon [_thread_blocked, id=1608, stack(0x0000000016c10000,0x0000000016d10000)]
  0x00000000153b9800 JavaThread "C2 CompilerThread1" daemon [_thread_blocked, id=4568, stack(0x0000000016b10000,0x0000000016c10000)]
=>0x00000000153c9000 JavaThread "C2 CompilerThread0" daemon [_thread_in_native, id=7400, stack(0x0000000016a10000,0x0000000016b10000)]
  0x00000000153c7800 JavaThread "Attach Listener" daemon [_thread_blocked, id=2032, stack(0x0000000016910000,0x0000000016a10000)]
  0x00000000153c6000 JavaThread "Signal Dispatcher" daemon [_thread_blocked, id=4240, stack(0x0000000016810000,0x0000000016910000)]
  0x0000000002dca000 JavaThread "Finalizer" daemon [_thread_blocked, id=1684, stack(0x0000000016620000,0x0000000016720000)]
  0x0000000002dbf000 JavaThread "Reference Handler" daemon [_thread_blocked, id=2060, stack(0x0000000016520000,0x0000000016620000)]
  0x0000000002cd0800 JavaThread "main" [_thread_blocked, id=8000, stack(0x0000000002bd0000,0x0000000002cd0000)]

Other Threads:
  0x0000000015387800 VMThread [stack: 0x0000000016420000,0x0000000016520000] [id=4440]
  0x0000000016d4a800 WatcherThread [stack: 0x0000000017210000,0x0000000017310000] [id=2008]

VM state:not at safepoint (normal execution)

VM Mutex/Monitor currently owned by a thread: None

Heap:
 PSYoungGen      total 18944K, used 17473K [0x00000000eb300000, 0x00000000ed280000, 0x0000000100000000)
  eden space 16384K, 91% used [0x00000000eb300000,0x00000000ec198600,0x00000000ec300000)
  from space 2560K, 98% used [0x00000000ec580000,0x00000000ec7f8030,0x00000000ec800000)
  to   space 2560K, 0% used [0x00000000ec300000,0x00000000ec300000,0x00000000ec580000)
 ParOldGen       total 79872K, used 78230K [0x00000000c1800000, 0x00000000c6600000, 0x00000000eb300000)
  object space 79872K, 97% used [0x00000000c1800000,0x00000000c6465a00,0x00000000c6600000)
 Metaspace       used 22093K, capacity 23314K, committed 23552K, reserved 1069056K
  class space    used 2998K, capacity 3276K, committed 3328K, reserved 1048576K

Card table byte_map: [0x0000000012190000,0x0000000012390000] byte_map_base: 0x0000000011b84000

Marking Bits: (ParMarkBitMap*) 0x000000006c62a6d0
 Begin Bits: [0x00000000128e0000, 0x0000000013880000)
 End Bits:   [0x0000000013880000, 0x0000000014820000)

Polling page: 0x0000000000f10000

CodeCache: size=245760Kb used=11337Kb max_used=11337Kb free=234422Kb
 bounds [0x0000000002dd0000, 0x00000000038f0000, 0x0000000011dd0000]
 total_blobs=4234 nmethods=3506 adapters=639
 compilation: enabled

Compilation events (10 events):
Event: 22.850 Thread 0x00000000153bc800 nmethod 3529 0x00000000038d03d0 code [0x00000000038d0a00, 0x00000000038d7608]
Event: 22.850 Thread 0x00000000153bc800 3530       3       com.sun.prism.impl.BaseContext::getGlyphCache (29 bytes)
Event: 22.851 Thread 0x00000000153bc800 nmethod 3530 0x00000000038cbad0 code [0x00000000038cbc40, 0x00000000038cbef8]
Event: 22.851 Thread 0x00000000153bc800 3531   !   3       com.sun.javafx.sg.prism.NGNode::accumulateGroupDirtyRegion (652 bytes)
Event: 22.858 Thread 0x00000000153bc800 nmethod 3531 0x00000000038da390 code [0x00000000038da8a0, 0x00000000038de278]
Event: 22.865 Thread 0x00000000153b9800 nmethod 3524 0x00000000038e5010 code [0x00000000038e51a0, 0x00000000038e5fd8]
Event: 22.865 Thread 0x00000000153b9800 3532       4       com.sun.javafx.sg.prism.NGGroup::renderForcedContent (47 bytes)
Event: 22.868 Thread 0x00000000153b9800 nmethod 3532 0x00000000038e1b90 code [0x00000000038e1d00, 0x00000000038e1f18]
Event: 22.871 Thread 0x00000000153bc800 3533       3       javafx.scene.Scene$ScenePulseListener::focusCleanup (93 bytes)
Event: 22.874 Thread 0x00000000153bc800 nmethod 3533 0x00000000038e66d0 code [0x00000000038e6ba0, 0x00000000038ea048]

GC Heap History (10 events):
Event: 0.728 GC heap before
{Heap before GC invocations=1 (full 0):
 PSYoungGen      total 18944K, used 16384K [0x00000000eb300000, 0x00000000ec800000, 0x0000000100000000)
  eden space 16384K, 100% used [0x00000000eb300000,0x00000000ec300000,0x00000000ec300000)
  from space 2560K, 0% used [0x00000000ec580000,0x00000000ec580000,0x00000000ec800000)
  to   space 2560K, 0% used [0x00000000ec300000,0x00000000ec300000,0x00000000ec580000)
 ParOldGen       total 44032K, used 18432K [0x00000000c1800000, 0x00000000c4300000, 0x00000000eb300000)
  object space 44032K, 41% used [0x00000000c1800000,0x00000000c2a00010,0x00000000c4300000)
 Metaspace       used 10703K, capacity 11060K, committed 11264K, reserved 1058816K
  class space    used 1385K, capacity 1500K, committed 1536K, reserved 1048576K
Event: 0.733 GC heap after
Heap after GC invocations=1 (full 0):
 PSYoungGen      total 18944K, used 2528K [0x00000000eb300000, 0x00000000ec800000, 0x0000000100000000)
  eden space 16384K, 0% used [0x00000000eb300000,0x00000000eb300000,0x00000000ec300000)
  from space 2560K, 98% used [0x00000000ec300000,0x00000000ec578050,0x00000000ec580000)
  to   space 2560K, 0% used [0x00000000ec580000,0x00000000ec580000,0x00000000ec800000)
 ParOldGen       total 44032K, used 18768K [0x00000000c1800000, 0x00000000c4300000, 0x00000000eb300000)
  object space 44032K, 42% used [0x00000000c1800000,0x00000000c2a54030,0x00000000c4300000)
 Metaspace       used 10703K, capacity 11060K, committed 11264K, reserved 1058816K
  class space    used 1385K, capacity 1500K, committed 1536K, reserved 1048576K
}
Event: 14.920 GC heap before
{Heap before GC invocations=2 (full 0):
 PSYoungGen      total 18944K, used 18735K [0x00000000eb300000, 0x00000000ec800000, 0x0000000100000000)
  eden space 16384K, 98% used [0x00000000eb300000,0x00000000ec2d3ed8,0x00000000ec300000)
  from space 2560K, 98% used [0x00000000ec300000,0x00000000ec578050,0x00000000ec580000)
  to   space 2560K, 0% used [0x00000000ec580000,0x00000000ec580000,0x00000000ec800000)
 ParOldGen       total 44032K, used 18768K [0x00000000c1800000, 0x00000000c4300000, 0x00000000eb300000)
  object space 44032K, 42% used [0x00000000c1800000,0x00000000c2a54030,0x00000000c4300000)
 Metaspace       used 15574K, capacity 16200K, committed 16256K, reserved 1062912K
  class space    used 2242K, capacity 2400K, committed 2432K, reserved 1048576K
Event: 14.926 GC heap after
Heap after GC invocations=2 (full 0):
 PSYoungGen      total 18944K, used 2528K [0x00000000eb300000, 0x00000000ec800000, 0x0000000100000000)
  eden space 16384K, 0% used [0x00000000eb300000,0x00000000eb300000,0x00000000ec300000)
  from space 2560K, 98% used [0x00000000ec580000,0x00000000ec7f8030,0x00000000ec800000)
  to   space 2560K, 0% used [0x00000000ec300000,0x00000000ec300000,0x00000000ec580000)
 ParOldGen       total 44032K, used 23198K [0x00000000c1800000, 0x00000000c4300000, 0x00000000eb300000)
  object space 44032K, 52% used [0x00000000c1800000,0x00000000c2ea7a60,0x00000000c4300000)
 Metaspace       used 15574K, capacity 16200K, committed 16256K, reserved 1062912K
  class space    used 2242K, capacity 2400K, committed 2432K, reserved 1048576K
}
Event: 15.377 GC heap before
{Heap before GC invocations=3 (full 0):
 PSYoungGen      total 18944K, used 18912K [0x00000000eb300000, 0x00000000ec800000, 0x0000000100000000)
  eden space 16384K, 100% used [0x00000000eb300000,0x00000000ec300000,0x00000000ec300000)
  from space 2560K, 98% used [0x00000000ec580000,0x00000000ec7f8030,0x00000000ec800000)
  to   space 2560K, 0% used [0x00000000ec300000,0x00000000ec300000,0x00000000ec580000)
 ParOldGen       total 44032K, used 23198K [0x00000000c1800000, 0x00000000c4300000, 0x00000000eb300000)
  object space 44032K, 52% used [0x00000000c1800000,0x00000000c2ea7a60,0x00000000c4300000)
 Metaspace       used 15935K, capacity 16622K, committed 16896K, reserved 1062912K
  class space    used 2294K, capacity 2471K, committed 2560K, reserved 1048576K
Event: 15.388 GC heap after
Heap after GC invocations=3 (full 0):
 PSYoungGen      total 18944K, used 2539K [0x00000000eb300000, 0x00000000ec800000, 0x0000000100000000)
  eden space 16384K, 0% used [0x00000000eb300000,0x00000000eb300000,0x00000000ec300000)
  from space 2560K, 99% used [0x00000000ec300000,0x00000000ec57ae28,0x00000000ec580000)
  to   space 2560K, 0% used [0x00000000ec580000,0x00000000ec580000,0x00000000ec800000)
 ParOldGen       total 44032K, used 37411K [0x00000000c1800000, 0x00000000c4300000, 0x00000000eb300000)
  object space 44032K, 84% used [0x00000000c1800000,0x00000000c3c88df8,0x00000000c4300000)
 Metaspace       used 15935K, capacity 16622K, committed 16896K, reserved 1062912K
  class space    used 2294K, capacity 2471K, committed 2560K, reserved 1048576K
}
Event: 15.388 GC heap before
{Heap before GC invocations=4 (full 1):
 PSYoungGen      total 18944K, used 2539K [0x00000000eb300000, 0x00000000ec800000, 0x0000000100000000)
  eden space 16384K, 0% used [0x00000000eb300000,0x00000000eb300000,0x00000000ec300000)
  from space 2560K, 99% used [0x00000000ec300000,0x00000000ec57ae28,0x00000000ec580000)
  to   space 2560K, 0% used [0x00000000ec580000,0x00000000ec580000,0x00000000ec800000)
 ParOldGen       total 44032K, used 37411K [0x00000000c1800000, 0x00000000c4300000, 0x00000000eb300000)
  object space 44032K, 84% used [0x00000000c1800000,0x00000000c3c88df8,0x00000000c4300000)
 Metaspace       used 15935K, capacity 16622K, committed 16896K, reserved 1062912K
  class space    used 2294K, capacity 2471K, committed 2560K, reserved 1048576K
Event: 15.448 GC heap after
Heap after GC invocations=4 (full 1):
 PSYoungGen      total 18944K, used 0K [0x00000000eb300000, 0x00000000ec800000, 0x0000000100000000)
  eden space 16384K, 0% used [0x00000000eb300000,0x00000000eb300000,0x00000000ec300000)
  from space 2560K, 0% used [0x00000000ec300000,0x00000000ec300000,0x00000000ec580000)
  to   space 2560K, 0% used [0x00000000ec580000,0x00000000ec580000,0x00000000ec800000)
 ParOldGen       total 79872K, used 39752K [0x00000000c1800000, 0x00000000c6600000, 0x00000000eb300000)
  object space 79872K, 49% used [0x00000000c1800000,0x00000000c3ed21b8,0x00000000c6600000)
 Metaspace       used 15935K, capacity 16622K, committed 16896K, reserved 1062912K
  class space    used 2294K, capacity 2471K, committed 2560K, reserved 1048576K
}
Event: 20.098 GC heap before
{Heap before GC invocations=5 (full 1):
 PSYoungGen      total 18944K, used 16384K [0x00000000eb300000, 0x00000000ec800000, 0x0000000100000000)
  eden space 16384K, 100% used [0x00000000eb300000,0x00000000ec300000,0x00000000ec300000)
  from space 2560K, 0% used [0x00000000ec300000,0x00000000ec300000,0x00000000ec580000)
  to   space 2560K, 0% used [0x00000000ec580000,0x00000000ec580000,0x00000000ec800000)
 ParOldGen       total 79872K, used 58184K [0x00000000c1800000, 0x00000000c6600000, 0x00000000eb300000)
  object space 79872K, 72% used [0x00000000c1800000,0x00000000c50d21c8,0x00000000c6600000)
 Metaspace       used 20827K, capacity 21952K, committed 22144K, reserved 1069056K
  class space    used 2872K, capacity 3111K, committed 3200K, reserved 1048576K
Event: 20.104 GC heap after
Heap after GC invocations=5 (full 1):
 PSYoungGen      total 18944K, used 2528K [0x00000000eb300000, 0x00000000ed280000, 0x0000000100000000)
  eden space 16384K, 0% used [0x00000000eb300000,0x00000000eb300000,0x00000000ec300000)
  from space 2560K, 98% used [0x00000000ec580000,0x00000000ec7f8030,0x00000000ec800000)
  to   space 2560K, 0% used [0x00000000ec300000,0x00000000ec300000,0x00000000ec580000)
 ParOldGen       total 79872K, used 59798K [0x00000000c1800000, 0x00000000c6600000, 0x00000000eb300000)
  object space 79872K, 74% used [0x00000000c1800000,0x00000000c52659f0,0x00000000c6600000)
 Metaspace       used 20827K, capacity 21952K, committed 22144K, reserved 1069056K
  class space    used 2872K, capacity 3111K, committed 3200K, reserved 1048576K
}

Deoptimization events (10 events):
Event: 22.682 Thread 0x00000000170e2000 Uncommon trap: reason=array_check action=maybe_recompile pc=0x0000000003682b04 method=com.sun.javafx.css.CompoundSelector.applies(Ljavafx/css/Styleable;[Ljava/util/Set;I)Z @ 128
Event: 22.682 Thread 0x00000000170e2000 Uncommon trap: reason=array_check action=maybe_recompile pc=0x0000000003682b04 method=com.sun.javafx.css.CompoundSelector.applies(Ljavafx/css/Styleable;[Ljava/util/Set;I)Z @ 128
Event: 22.683 Thread 0x00000000170e2000 Uncommon trap: reason=unstable_if action=reinterpret pc=0x00000000034e5114 method=com.sun.javafx.css.ParsedValueImpl.containsFontRelativeSize(Ljavafx/css/ParsedValue;Z)Z @ 193
Event: 22.683 Thread 0x00000000170e2000 Uncommon trap: reason=unstable_if action=reinterpret pc=0x0000000003549f84 method=javafx.scene.CssStyleHelper.lookup(Ljavafx/css/Styleable;Ljavafx/css/CssMetaData;Lcom/sun/javafx/css/StyleMap;Ljava/util/Set;Ljavafx/css/Styleable;Lcom/sun/javafx/css/Calcul
Event: 22.695 Thread 0x00000000170e2000 Uncommon trap: reason=bimorphic action=maybe_recompile pc=0x000000000386e894 method=javafx.scene.control.Control.getCssMetaData()Ljava/util/List; @ 95
Event: 22.709 Thread 0x00000000170e2000 Uncommon trap: reason=bimorphic action=maybe_recompile pc=0x000000000386e894 method=javafx.scene.control.Control.getCssMetaData()Ljava/util/List; @ 95
Event: 22.749 Thread 0x00000000170e2000 Uncommon trap: reason=unstable_if action=reinterpret pc=0x00000000036993f8 method=javafx.scene.CssStyleHelper.lookupInheritedFontProperty(Ljavafx/css/Styleable;Ljava/lang/String;Lcom/sun/javafx/css/StyleMap;ILcom/sun/javafx/css/CascadingStyle;)Lcom/sun/ja
Event: 22.750 Thread 0x00000000170e2000 Uncommon trap: reason=unstable_if action=reinterpret pc=0x00000000035ad9e0 method=javafx.scene.CssStyleHelper.resolveRef(Ljavafx/css/Styleable;Ljava/lang/String;Lcom/sun/javafx/css/StyleMap;Ljava/util/Set;)Lcom/sun/javafx/css/CascadingStyle; @ 66
Event: 22.750 Thread 0x00000000170e2000 Uncommon trap: reason=unstable_if action=reinterpret pc=0x000000000369bec8 method=javafx.scene.CssStyleHelper.resolveRef(Ljavafx/css/Styleable;Ljava/lang/String;Lcom/sun/javafx/css/StyleMap;Ljava/util/Set;)Lcom/sun/javafx/css/CascadingStyle; @ 66
Event: 22.762 Thread 0x00000000170e2000 Uncommon trap: reason=class_check action=maybe_recompile pc=0x0000000003582f38 method=java.util.WeakHashMap.eq(Ljava/lang/Object;Ljava/lang/Object;)Z @ 7

Internal exceptions (10 events):
Event: 0.399 Thread 0x00000000170e2000 Exception <a 'java/lang/NullPointerException'> (0x00000000ebe038d0) thrown at [C:\re\workspace\8-2-build-windows-amd64-cygwin\jdk8u112\7884\hotspot\src\share\vm\prims\jvm.cpp, line 1394]
Event: 0.655 Thread 0x00000000170e2000 Exception <a 'java/lang/ArrayIndexOutOfBoundsException'> (0x00000000ebfed5a8) thrown at [C:\re\workspace\8-2-build-windows-amd64-cygwin\jdk8u112\7884\hotspot\src\share\vm\runtime\sharedRuntime.cpp, line 605]
Event: 0.655 Thread 0x00000000170e2000 Exception <a 'java/lang/ArrayIndexOutOfBoundsException'> (0x00000000ebfee2a8) thrown at [C:\re\workspace\8-2-build-windows-amd64-cygwin\jdk8u112\7884\hotspot\src\share\vm\runtime\sharedRuntime.cpp, line 605]
Event: 0.656 Thread 0x00000000170e2000 Exception <a 'java/lang/ArrayIndexOutOfBoundsException'> (0x00000000ebfef650) thrown at [C:\re\workspace\8-2-build-windows-amd64-cygwin\jdk8u112\7884\hotspot\src\share\vm\runtime\sharedRuntime.cpp, line 605]
Event: 15.034 Thread 0x00000000170e2000 Exception <a 'java/lang/ArrayIndexOutOfBoundsException'> (0x00000000eba85030) thrown at [C:\re\workspace\8-2-build-windows-amd64-cygwin\jdk8u112\7884\hotspot\src\share\vm\runtime\sharedRuntime.cpp, line 605]
Event: 19.504 Thread 0x00000000170e2000 Exception <a 'java/lang/ArrayIndexOutOfBoundsException'> (0x00000000eb522318) thrown at [C:\re\workspace\8-2-build-windows-amd64-cygwin\jdk8u112\7884\hotspot\src\share\vm\runtime\sharedRuntime.cpp, line 605]
Event: 19.504 Thread 0x00000000170e2000 Exception <a 'java/lang/ArrayIndexOutOfBoundsException'> (0x00000000eb523500) thrown at [C:\re\workspace\8-2-build-windows-amd64-cygwin\jdk8u112\7884\hotspot\src\share\vm\runtime\sharedRuntime.cpp, line 605]
Event: 19.504 Thread 0x00000000170e2000 Exception <a 'java/lang/ArrayIndexOutOfBoundsException'> (0x00000000eb525140) thrown at [C:\re\workspace\8-2-build-windows-amd64-cygwin\jdk8u112\7884\hotspot\src\share\vm\runtime\sharedRuntime.cpp, line 605]
Event: 19.520 Thread 0x00000000170e2000 Implicit null exception at 0x000000000329a6d6 to 0x000000000329aa79
Event: 22.671 Thread 0x00000000170e2000 Implicit null exception at 0x000000000375b254 to 0x0000000003762c21

Events (10 events):
Event: 22.762 Thread 0x00000000170e2000 DEOPT PACKING pc=0x0000000003582f38 sp=0x0000000017eda540
Event: 22.762 Thread 0x00000000170e2000 DEOPT UNPACKING pc=0x0000000002e1582a sp=0x0000000017eda468 mode 2
Event: 22.763 loading class com/sun/javafx/scene/control/skin/Utils$2
Event: 22.763 loading class com/sun/javafx/scene/control/skin/Utils$2 done
Event: 22.816 loading class com/sun/prism/shader/FillRoundRect_Color_Loader
Event: 22.816 loading class com/sun/prism/shader/FillRoundRect_Color_Loader done
Event: 22.830 loading class com/sun/prism/shader/FillRoundRect_LinearGradient_PAD_Loader
Event: 22.830 loading class com/sun/prism/shader/FillRoundRect_LinearGradient_PAD_Loader done
Event: 22.850 Executing VM operation: RevokeBias
Event: 22.850 Executing VM operation: RevokeBias done


Dynamic libraries:
0x00007ff79e680000 - 0x00007ff79e6b7000 	C:\Program Files\Java\jdk\jre\bin\java.exe
0x00007ff8f0580000 - 0x00007ff8f0751000 	C:\WINDOWS\SYSTEM32\ntdll.dll
0x00007ff8edc70000 - 0x00007ff8edd1b000 	C:\WINDOWS\System32\KERNEL32.DLL
0x00007ff8eca70000 - 0x00007ff8ecc8d000 	C:\WINDOWS\System32\KERNELBASE.dll
0x00007ff8ef910000 - 0x00007ff8ef9b2000 	C:\WINDOWS\System32\ADVAPI32.dll
0x00007ff8ef870000 - 0x00007ff8ef90e000 	C:\WINDOWS\System32\msvcrt.dll
0x00007ff8ede90000 - 0x00007ff8edee9000 	C:\WINDOWS\System32\sechost.dll
0x00007ff8edb40000 - 0x00007ff8edc61000 	C:\WINDOWS\System32\RPCRT4.dll
0x00007ff8ee180000 - 0x00007ff8ee2e5000 	C:\WINDOWS\System32\USER32.dll
0x00007ff8ed820000 - 0x00007ff8ed83e000 	C:\WINDOWS\System32\win32u.dll
0x00007ff8edf10000 - 0x00007ff8edf44000 	C:\WINDOWS\System32\GDI32.dll
0x00007ff8ed520000 - 0x00007ff8ed6a2000 	C:\WINDOWS\System32\gdi32full.dll
0x00007ff8de2d0000 - 0x00007ff8de54a000 	C:\WINDOWS\WinSxS\amd64_microsoft.windows.common-controls_6595b64144ccf1df_6.0.14393.953_none_42151e83c686086b\COMCTL32.dll
0x00007ff8f0090000 - 0x00007ff8f0358000 	C:\WINDOWS\System32\combase.dll
0x00007ff8ed420000 - 0x00007ff8ed515000 	C:\WINDOWS\System32\ucrtbase.dll
0x00007ff8ed700000 - 0x00007ff8ed76a000 	C:\WINDOWS\System32\bcryptPrimitives.dll
0x00007ff8edb10000 - 0x00007ff8edb3e000 	C:\WINDOWS\System32\IMM32.DLL
0x000000006bd30000 - 0x000000006be02000 	C:\Program Files\Java\jdk\jre\bin\msvcr100.dll
0x000000006be10000 - 0x000000006c6aa000 	C:\Program Files\Java\jdk\jre\bin\server\jvm.dll
0x00007ff8ede80000 - 0x00007ff8ede88000 	C:\WINDOWS\System32\PSAPI.DLL
0x00007ff8e7960000 - 0x00007ff8e7969000 	C:\WINDOWS\SYSTEM32\WSOCK32.dll
0x00007ff8f0500000 - 0x00007ff8f056a000 	C:\WINDOWS\System32\WS2_32.dll
0x00007ff8ea000000 - 0x00007ff8ea023000 	C:\WINDOWS\SYSTEM32\WINMM.dll
0x00007ff8eaf20000 - 0x00007ff8eaf2a000 	C:\WINDOWS\SYSTEM32\VERSION.dll
0x00007ff8e9fa0000 - 0x00007ff8e9fcb000 	C:\WINDOWS\SYSTEM32\WINMMBASE.dll
0x00007ff8ed6b0000 - 0x00007ff8ed6f2000 	C:\WINDOWS\System32\cfgmgr32.dll
0x000000006cc20000 - 0x000000006cc2f000 	C:\Program Files\Java\jdk\jre\bin\verify.dll
0x000000006bcc0000 - 0x000000006bce9000 	C:\Program Files\Java\jdk\jre\bin\java.dll
0x000000006bca0000 - 0x000000006bcb6000 	C:\Program Files\Java\jdk\jre\bin\zip.dll
0x00007ff8ee2f0000 - 0x00007ff8ef7f8000 	C:\WINDOWS\System32\SHELL32.dll
0x00007ff8ecc90000 - 0x00007ff8ed36a000 	C:\WINDOWS\System32\windows.storage.dll
0x00007ff8eca20000 - 0x00007ff8eca6c000 	C:\WINDOWS\System32\powrprof.dll
0x00007ff8edf50000 - 0x00007ff8edfa2000 	C:\WINDOWS\System32\shlwapi.dll
0x00007ff8ec9e0000 - 0x00007ff8ec9ef000 	C:\WINDOWS\System32\kernel.appcore.dll
0x00007ff8ed770000 - 0x00007ff8ed819000 	C:\WINDOWS\System32\shcore.dll
0x00007ff8ec9f0000 - 0x00007ff8eca04000 	C:\WINDOWS\System32\profapi.dll
0x00007ff8cc930000 - 0x00007ff8cca1f000 	C:\Program Files\Java\jdk\jre\bin\msvcr120.dll
0x00007ff8cc540000 - 0x00007ff8cc5e6000 	C:\Program Files\Java\jdk\jre\bin\msvcp120.dll
0x000000006ae70000 - 0x000000006ae92000 	C:\Program Files\Java\jdk\jre\bin\prism_d3d.dll
0x00007ff8c7580000 - 0x00007ff8c770d000 	C:\WINDOWS\system32\d3d9.dll
0x00007ff8e9e50000 - 0x00007ff8e9e76000 	C:\WINDOWS\SYSTEM32\dwmapi.dll
0x00007ff8ea7b0000 - 0x00007ff8ea845000 	C:\WINDOWS\system32\uxtheme.dll
0x00007ff8afc40000 - 0x00007ff8b5424000 	C:\WINDOWS\System32\DriverStore\FileRepository\igdlh64.inf_amd64_463164d40c3d26ce\igdumdim64.dll
0x00007ff8edd20000 - 0x00007ff8edddf000 	C:\WINDOWS\System32\OLEAUT32.dll
0x00007ff8ed8a0000 - 0x00007ff8ed93c000 	C:\WINDOWS\System32\msvcp_win.dll
0x00007ff8efef0000 - 0x00007ff8f0027000 	C:\WINDOWS\System32\ole32.dll
0x00007ff8ef9c0000 - 0x00007ff8efde9000 	C:\WINDOWS\System32\SETUPAPI.dll
0x000000006ae20000 - 0x000000006ae63000 	C:\Program Files\Java\jdk\jre\bin\glass.dll
0x00007ff8efdf0000 - 0x00007ff8efeea000 	C:\WINDOWS\System32\COMDLG32.dll
0x00007ff8ee010000 - 0x00007ff8ee16a000 	C:\WINDOWS\System32\MSCTF.dll
0x00007ff8e0f50000 - 0x00007ff8e20ad000 	C:\WINDOWS\System32\DriverStore\FileRepository\igdlh64.inf_amd64_463164d40c3d26ce\igc64.dll
0x000000006adf0000 - 0x000000006ae13000 	C:\Program Files\Java\jdk\jre\bin\javafx_iio.dll
0x000000006add0000 - 0x000000006ade4000 	C:\Program Files\Java\jdk\jre\bin\javafx_font.dll
0x00007ff8deaa0000 - 0x00007ff8ded09000 	C:\WINDOWS\SYSTEM32\dwrite.dll
0x00007ff8edde0000 - 0x00007ff8ede7f000 	C:\WINDOWS\System32\clbcatq.dll
0x00007ff8e98e0000 - 0x00007ff8e9a88000 	C:\WINDOWS\SYSTEM32\WindowsCodecs.dll
0x00007ff8cf660000 - 0x00007ff8cf6a9000 	C:\WINDOWS\system32\dataexchange.dll
0x00007ff8e7600000 - 0x00007ff8e78b6000 	C:\WINDOWS\system32\d3d11.dll
0x00007ff8ea2a0000 - 0x00007ff8ea3f1000 	C:\WINDOWS\system32\dcomp.dll
0x00007ff8eb630000 - 0x00007ff8eb6cf000 	C:\WINDOWS\system32\dxgi.dll
0x00007ff8eab10000 - 0x00007ff8eac2c000 	C:\WINDOWS\system32\twinapi.appcore.dll
0x00007ff8ec920000 - 0x00007ff8ec94b000 	C:\WINDOWS\system32\bcrypt.dll
0x00007ff8df590000 - 0x00007ff8df5c2000 	C:\Program Files\Common Files\Microsoft Shared\Ink\rtscom.dll
0x00007ff8e09f0000 - 0x00007ff8e0f4f000 	C:\WINDOWS\SYSTEM32\d2d1.dll
0x00007ff8ed940000 - 0x00007ff8edb09000 	C:\WINDOWS\System32\CRYPT32.dll
0x00007ff8eca10000 - 0x00007ff8eca20000 	C:\WINDOWS\System32\MSASN1.dll
0x00007ff8ca840000 - 0x00007ff8caacd000 	C:\WINDOWS\SYSTEM32\D3D10Warp.dll
0x000000006adb0000 - 0x000000006adc1000 	C:\Program Files\Java\jdk\jre\bin\prism_common.dll
0x000000006bc80000 - 0x000000006bc9a000 	C:\Program Files\Java\jdk\jre\bin\net.dll
0x00007ff8ec010000 - 0x00007ff8ec06c000 	C:\WINDOWS\system32\mswsock.dll
0x00007ff8ebdd0000 - 0x00007ff8ebe71000 	C:\WINDOWS\SYSTEM32\DNSAPI.dll
0x00007ff8f0570000 - 0x00007ff8f0578000 	C:\WINDOWS\System32\NSI.dll
0x00007ff8ebd90000 - 0x00007ff8ebdc8000 	C:\WINDOWS\SYSTEM32\IPHLPAPI.DLL
0x00007ff8de550000 - 0x00007ff8de55a000 	C:\Windows\System32\rasadhlp.dll
0x00007ff8e3f70000 - 0x00007ff8e3fda000 	C:\WINDOWS\System32\fwpuclnt.dll
0x00007ff8ec610000 - 0x00007ff8ec7a2000 	C:\WINDOWS\SYSTEM32\dbghelp.dll

VM Arguments:
jvm_args: -Dfile.encoding=UTF-8 
java_command: adjhms.Main
java_class_path (initial): F:\adjhms\adjhms\dist\adjhms.jar;C:\Program Files\Java\jdk\jre\lib\javaws.jar;C:\Program Files\Java\jdk\jre\lib\deploy.jar;C:\Program Files\Java\jdk\jre\lib\plugin.jar;C:\Program Files (x86)\NetBeans 8.2\ide\modules\ext\mysql-connector-java-5.1.23-bin.jar;F:\adjhms\adjhms\build\classes
Launcher Type: SUN_STANDARD

Environment Variables:
PATH=C:\ProgramData\Oracle\Java\javapath;C:\Program Files (x86)\Intel\iCLS Client\;C:\Program Files\Intel\iCLS Client\;C:\Windows\system32;C:\Windows;C:\Windows\System32\Wbem;C:\Windows\System32\WindowsPowerShell\v1.0\;C:\Program Files (x86)\Intel\Intel(R) Management Engine Components\DAL;C:\Program Files\Intel\Intel(R) Management Engine Components\DAL;C:\Program Files (x86)\Intel\Intel(R) Management Engine Components\IPT;C:\Program Files\Intel\Intel(R) Management Engine Components\IPT;C:\Program Files (x86)\NVIDIA Corporation\PhysX\Common;C:\WINDOWS\system32;C:\WINDOWS;C:\WINDOWS\System32\Wbem;C:\WINDOWS\System32\WindowsPowerShell\v1.0\;C:\Program Files\Java\jdk\bin;C:\Program Files\Java\jre\bin;C:\Program Files (x86)\Skype\Phone\;C:\Users\User\AppData\Local\Microsoft\WindowsApps;
USERNAME=User
OS=Windows_NT
PROCESSOR_IDENTIFIER=Intel64 Family 6 Model 78 Stepping 3, GenuineIntel



---------------  S Y S T E M  ---------------

OS: Windows 10.0 , 64 bit Build 14393 (10.0.14393.0)

CPU:total 4 (2 cores per cpu, 2 threads per core) family 6 model 78 stepping 3, cmov, cx8, fxsr, mmx, sse, sse2, sse3, ssse3, sse4.1, sse4.2, popcnt, avx, avx2, aes, clmul, erms, 3dnowpref, lzcnt, ht, tsc, tscinvbit, bmi1, bmi2, adx

Memory: 4k page, physical 4087888k(846320k free), swap 6971472k(2145588k free)

vm_info: Java HotSpot(TM) 64-Bit Server VM (25.112-b15) for windows-amd64 JRE (1.8.0_112-b15), built on Sep 22 2016 21:31:56 by "java_re" with MS VC++ 10.0 (VS2010)

time: Mon May 15 13:40:06 2017
elapsed time: 23 seconds (0d 0h 0m 23s)

