#
# A fatal error has been detected by the Java Runtime Environment:
#
#  EXCEPTION_ACCESS_VIOLATION (0xc0000005) at pc=0x000000006a8e1600, pid=8132, tid=0x0000000000000894
#
# JRE version: Java(TM) SE Runtime Environment (8.0_112-b15) (build 1.8.0_112-b15)
# Java VM: Java HotSpot(TM) 64-Bit Server VM (25.112-b15 mixed mode windows-amd64 compressed oops)
# Problematic frame:
# V  [jvm.dll+0x4a1600]
#
# Failed to write core dump. Minidumps are not enabled by default on client versions of Windows
#
# If you would like to submit a bug report, please visit:
#   http://bugreport.java.com/bugreport/crash.jsp
#

---------------  T H R E A D  ---------------

Current thread (0x000000001523d000):  JavaThread "C2 CompilerThread0" daemon [_thread_in_native, id=2196, stack(0x00000000168a0000,0x00000000169a0000)]

siginfo: ExceptionCode=0xc0000005, reading address 0x000000006ec5ae10

Registers:
RAX=0x0000000000000000, RBX=0x0000000024e68f50, RCX=0x000000006ec5ae10, RDX=0x0000000000000000
RSP=0x000000001699c450, RBP=0x0000000000000005, RSI=0x0000000000000028, RDI=0x000000001699c4a0
R8 =0x0000000024e69090, R9 =0x00000000241ed9c0, R10=0x000000006a440000, R11=0x000000001699c370
R12=0x000000006ac5ae10, R13=0x000000006a440000, R14=0x0000000016bd1fb8, R15=0x00000000000003d8
RIP=0x000000006a8e1600, EFLAGS=0x0000000000010246

Top of Stack: (sp=0x000000001699c450)
0x000000001699c450:   000000001699ec20 0000000024e067b0
0x000000001699c460:   fffffffffffffff8 0000000015207130
0x000000001699c470:   000000000000111a 000000006a8dc6cf
0x000000001699c480:   0000000024e68eb0 0000000024e68f50
0x000000001699c490:   000000000000111a 000000001699c580
0x000000001699c4a0:   0000000000000000 0000000000000008
0x000000001699c4b0:   000000006ec5ae10 0000000000000000
0x000000001699c4c0:   00000000239e8d18 000000000000003d
0x000000001699c4d0:   0000000024e69090 000000001699c870
0x000000001699c4e0:   0000000016bd1be0 000000001699c870
0x000000001699c4f0:   0000000016bd1bd0 000000006a8a8a01
0x000000001699c500:   0000000000000000 000000001699c600
0x000000001699c510:   0000000000000000 0000000000000006
0x000000001699c520:   0000000000000002 0000000016bd1bd0
0x000000001699c530:   00000000240a3d10 00000000240a69c0
0x000000001699c540:   00000000240abcf8 000000000103ee78 

Instructions: (pc=0x000000006a8e1600)
0x000000006a8e15e0:   48 8b 4f 20 48 39 04 0e 0f 84 9d 00 00 00 48 8b
0x000000006a8e15f0:   0c 0e 33 d2 33 c0 48 89 4f 10 66 0f 1f 44 00 00
0x000000006a8e1600:   83 3c 08 00 0f 85 36 01 00 00 ff c2 48 83 c0 04
0x000000006a8e1610:   83 fa 08 72 eb 48 8b 47 30 48 89 44 24 30 48 85 


Register to memory mapping:

RAX=0x0000000000000000 is an unknown value
RBX=0x0000000024e68f50 is an unknown value
RCX=0x000000006ec5ae10 is an unknown value
RDX=0x0000000000000000 is an unknown value
RSP=0x000000001699c450 is pointing into the stack for thread: 0x000000001523d000
RBP=0x0000000000000005 is an unknown value
RSI=0x0000000000000028 is an unknown value
RDI=0x000000001699c4a0 is pointing into the stack for thread: 0x000000001523d000
R8 =0x0000000024e69090 is an unknown value
R9 =0x00000000241ed9c0 is an unknown value
R10=0x000000006a440000 is an unknown value
R11=0x000000001699c370 is pointing into the stack for thread: 0x000000001523d000
R12=0x000000006ac5ae10 is an unknown value
R13=0x000000006a440000 is an unknown value
R14=0x0000000016bd1fb8 is an unknown value
R15=0x00000000000003d8 is an unknown value


Stack: [0x00000000168a0000,0x00000000169a0000],  sp=0x000000001699c450,  free space=1009k
Native frames: (J=compiled Java code, j=interpreted, Vv=VM code, C=native code)
V  [jvm.dll+0x4a1600]
V  [jvm.dll+0x49c6cf]
V  [jvm.dll+0x468a01]
V  [jvm.dll+0x473c3b]
V  [jvm.dll+0x476547]
V  [jvm.dll+0x458ff2]
V  [jvm.dll+0xa5932]
V  [jvm.dll+0xa626f]
V  [jvm.dll+0x244b1f]
V  [jvm.dll+0x29c36a]
C  [msvcr100.dll+0x21d9f]
C  [msvcr100.dll+0x21e3b]
C  [KERNEL32.DLL+0x8364]
C  [ntdll.dll+0x670d1]


Current CompileTask:
C2:   3418 1420       4       java.util.Properties$LineReader::readLine (468 bytes)


---------------  P R O C E S S  ---------------

Java Threads: ( => current thread )
  0x000000001744d800 JavaThread "Abandoned connection cleanup thread" daemon [_thread_blocked, id=12132, stack(0x0000000022b10000,0x0000000022c10000)]
  0x0000000017369800 JavaThread "Prism Font Disposer" daemon [_thread_blocked, id=6444, stack(0x000000001dbf0000,0x000000001dcf0000)]
  0x000000001721b000 JavaThread "Thread-3" daemon [_thread_in_native, id=4084, stack(0x000000001c3b0000,0x000000001c4b0000)]
  0x0000000016f9c000 JavaThread "JavaFX-Launcher" [_thread_blocked, id=5948, stack(0x000000001c4b0000,0x000000001c5b0000)]
  0x00000000171a6800 JavaThread "JavaFX Application Thread" [_thread_in_Java, id=7008, stack(0x0000000017d20000,0x0000000017e20000)]
  0x00000000171a3000 JavaThread "Thread-1" daemon [_thread_blocked, id=5968, stack(0x0000000017c20000,0x0000000017d20000)]
  0x0000000016f59800 JavaThread "QuantumRenderer-0" daemon [_thread_blocked, id=3468, stack(0x00000000179a0000,0x0000000017aa0000)]
  0x0000000016bbd000 JavaThread "Service Thread" daemon [_thread_blocked, id=5780, stack(0x0000000016fa0000,0x00000000170a0000)]
  0x000000001524f000 JavaThread "C1 CompilerThread2" daemon [_thread_in_vm, id=12744, stack(0x0000000016aa0000,0x0000000016ba0000)]
  0x0000000015243800 JavaThread "C2 CompilerThread1" daemon [_thread_in_native, id=11208, stack(0x00000000169a0000,0x0000000016aa0000)]
=>0x000000001523d000 JavaThread "C2 CompilerThread0" daemon [_thread_in_native, id=2196, stack(0x00000000168a0000,0x00000000169a0000)]
  0x000000001523c000 JavaThread "Attach Listener" daemon [_thread_blocked, id=5956, stack(0x00000000167a0000,0x00000000168a0000)]
  0x000000001523a800 JavaThread "Signal Dispatcher" daemon [_thread_blocked, id=2248, stack(0x00000000166a0000,0x00000000167a0000)]
  0x0000000002c4a800 JavaThread "Finalizer" daemon [_thread_blocked, id=11756, stack(0x00000000164b0000,0x00000000165b0000)]
  0x0000000002c3f000 JavaThread "Reference Handler" daemon [_thread_blocked, id=9740, stack(0x00000000163b0000,0x00000000164b0000)]
  0x0000000002b50800 JavaThread "main" [_thread_blocked, id=6400, stack(0x00000000029b0000,0x0000000002ab0000)]

Other Threads:
  0x0000000015207800 VMThread [stack: 0x00000000162b0000,0x00000000163b0000] [id=5568]
  0x0000000016bc8800 WatcherThread [stack: 0x00000000170a0000,0x00000000171a0000] [id=6660]

VM state:not at safepoint (normal execution)

VM Mutex/Monitor currently owned by a thread: None

Heap:
 PSYoungGen      total 18944K, used 12913K [0x00000000eb300000, 0x00000000ed800000, 0x0000000100000000)
  eden space 16384K, 78% used [0x00000000eb300000,0x00000000ebf9c758,0x00000000ec300000)
  from space 2560K, 0% used [0x00000000ec300000,0x00000000ec300000,0x00000000ec580000)
  to   space 2560K, 0% used [0x00000000ed580000,0x00000000ed580000,0x00000000ed800000)
 ParOldGen       total 80896K, used 39421K [0x00000000c1800000, 0x00000000c6700000, 0x00000000eb300000)
  object space 80896K, 48% used [0x00000000c1800000,0x00000000c3e7f5f0,0x00000000c6700000)
 Metaspace       used 20248K, capacity 21336K, committed 21504K, reserved 1067008K
  class space    used 2853K, capacity 3063K, committed 3072K, reserved 1048576K

Card table byte_map: [0x0000000012010000,0x0000000012210000] byte_map_base: 0x0000000011a04000

Marking Bits: (ParMarkBitMap*) 0x000000006ac5a6d0
 Begin Bits: [0x0000000012760000, 0x0000000013700000)
 End Bits:   [0x0000000013700000, 0x00000000146a0000)

Polling page: 0x0000000002970000

CodeCache: size=245760Kb used=5772Kb max_used=5784Kb free=239987Kb
 bounds [0x0000000002c50000, 0x0000000003200000, 0x0000000011c50000]
 total_blobs=2505 nmethods=1788 adapters=629
 compilation: enabled

Compilation events (10 events):
Event: 3.316 Thread 0x000000001524f000 1632       1       javafx.scene.Node::access$5000 (5 bytes)
Event: 3.316 Thread 0x000000001524f000 nmethod 1632 0x0000000003195c90 code [0x0000000003195de0, 0x0000000003195ed0]
Event: 3.321 Thread 0x000000001524f000 1633       3       sun.invoke.util.BytecodeDescriptor::unparseMethod (68 bytes)
Event: 3.322 Thread 0x000000001524f000 nmethod 1633 0x0000000003195f50 code [0x0000000003196200, 0x00000000031974f8]
Event: 3.322 Thread 0x000000001524f000 1634       3       com.sun.javafx.geom.RectBounds::<init> (14 bytes)
Event: 3.322 Thread 0x000000001524f000 nmethod 1634 0x0000000003198090 code [0x0000000003198200, 0x00000000031984f0]
Event: 3.322 Thread 0x000000001524f000 1635       3       javafx.beans.property.DoublePropertyBase::set (111 bytes)
Event: 3.323 Thread 0x000000001524f000 nmethod 1635 0x0000000003198650 code [0x0000000003198960, 0x000000000319a258]
Event: 3.328 Thread 0x000000001524f000 1637       3       javafx.scene.Node::focusSetDirty (25 bytes)
Event: 3.328 Thread 0x000000001524f000 nmethod 1637 0x000000000319abd0 code [0x000000000319adc0, 0x000000000319b8f8]

GC Heap History (8 events):
Event: 0.507 GC heap before
{Heap before GC invocations=1 (full 0):
 PSYoungGen      total 18944K, used 14018K [0x00000000eb300000, 0x00000000ec800000, 0x0000000100000000)
  eden space 16384K, 85% used [0x00000000eb300000,0x00000000ec0b0aa0,0x00000000ec300000)
  from space 2560K, 0% used [0x00000000ec580000,0x00000000ec580000,0x00000000ec800000)
  to   space 2560K, 0% used [0x00000000ec300000,0x00000000ec300000,0x00000000ec580000)
 ParOldGen       total 44032K, used 0K [0x00000000c1800000, 0x00000000c4300000, 0x00000000eb300000)
  object space 44032K, 0% used [0x00000000c1800000,0x00000000c1800000,0x00000000c4300000)
 Metaspace       used 9560K, capacity 9860K, committed 10112K, reserved 1058816K
  class space    used 1200K, capacity 1298K, committed 1408K, reserved 1048576K
Event: 0.511 GC heap after
Heap after GC invocations=1 (full 0):
 PSYoungGen      total 18944K, used 2491K [0x00000000eb300000, 0x00000000ec800000, 0x0000000100000000)
  eden space 16384K, 0% used [0x00000000eb300000,0x00000000eb300000,0x00000000ec300000)
  from space 2560K, 97% used [0x00000000ec300000,0x00000000ec56ee48,0x00000000ec580000)
  to   space 2560K, 0% used [0x00000000ec580000,0x00000000ec580000,0x00000000ec800000)
 ParOldGen       total 44032K, used 72K [0x00000000c1800000, 0x00000000c4300000, 0x00000000eb300000)
  object space 44032K, 0% used [0x00000000c1800000,0x00000000c1812010,0x00000000c4300000)
 Metaspace       used 9560K, capacity 9860K, committed 10112K, reserved 1058816K
  class space    used 1200K, capacity 1298K, committed 1408K, reserved 1048576K
}
Event: 0.746 GC heap before
{Heap before GC invocations=2 (full 0):
 PSYoungGen      total 18944K, used 18183K [0x00000000eb300000, 0x00000000ec800000, 0x0000000100000000)
  eden space 16384K, 95% used [0x00000000eb300000,0x00000000ec253190,0x00000000ec300000)
  from space 2560K, 97% used [0x00000000ec300000,0x00000000ec56ee48,0x00000000ec580000)
  to   space 2560K, 0% used [0x00000000ec580000,0x00000000ec580000,0x00000000ec800000)
 ParOldGen       total 44032K, used 72K [0x00000000c1800000, 0x00000000c4300000, 0x00000000eb300000)
  object space 44032K, 0% used [0x00000000c1800000,0x00000000c1812010,0x00000000c4300000)
 Metaspace       used 11190K, capacity 11522K, committed 11648K, reserved 1058816K
  class space    used 1467K, capacity 1569K, committed 1664K, reserved 1048576K
Event: 0.752 GC heap after
Heap after GC invocations=2 (full 0):
 PSYoungGen      total 18944K, used 2558K [0x00000000eb300000, 0x00000000ed800000, 0x0000000100000000)
  eden space 16384K, 0% used [0x00000000eb300000,0x00000000eb300000,0x00000000ec300000)
  from space 2560K, 99% used [0x00000000ec580000,0x00000000ec7ff8a0,0x00000000ec800000)
  to   space 2560K, 0% used [0x00000000ec300000,0x00000000ec300000,0x00000000ec580000)
 ParOldGen       total 44032K, used 11347K [0x00000000c1800000, 0x00000000c4300000, 0x00000000eb300000)
  object space 44032K, 25% used [0x00000000c1800000,0x00000000c2314dc0,0x00000000c4300000)
 Metaspace       used 11190K, capacity 11522K, committed 11648K, reserved 1058816K
  class space    used 1467K, capacity 1569K, committed 1664K, reserved 1048576K
}
Event: 2.815 GC heap before
{Heap before GC invocations=3 (full 0):
 PSYoungGen      total 18944K, used 18942K [0x00000000eb300000, 0x00000000ed800000, 0x0000000100000000)
  eden space 16384K, 100% used [0x00000000eb300000,0x00000000ec300000,0x00000000ec300000)
  from space 2560K, 99% used [0x00000000ec580000,0x00000000ec7ff8a0,0x00000000ec800000)
  to   space 2560K, 0% used [0x00000000ec300000,0x00000000ec300000,0x00000000ec580000)
 ParOldGen       total 44032K, used 29779K [0x00000000c1800000, 0x00000000c4300000, 0x00000000eb300000)
  object space 44032K, 67% used [0x00000000c1800000,0x00000000c3514dd0,0x00000000c4300000)
 Metaspace       used 15139K, capacity 15846K, committed 16000K, reserved 1062912K
  class space    used 2131K, capacity 2308K, committed 2432K, reserved 1048576K
Event: 2.820 GC heap after
Heap after GC invocations=3 (full 0):
 PSYoungGen      total 18944K, used 2552K [0x00000000eb300000, 0x00000000ed800000, 0x0000000100000000)
  eden space 16384K, 0% used [0x00000000eb300000,0x00000000eb300000,0x00000000ec300000)
  from space 2560K, 99% used [0x00000000ec300000,0x00000000ec57e030,0x00000000ec580000)
  to   space 2560K, 0% used [0x00000000ed580000,0x00000000ed580000,0x00000000ed800000)
 ParOldGen       total 44032K, used 37135K [0x00000000c1800000, 0x00000000c4300000, 0x00000000eb300000)
  object space 44032K, 84% used [0x00000000c1800000,0x00000000c3c43f28,0x00000000c4300000)
 Metaspace       used 15139K, capacity 15846K, committed 16000K, reserved 1062912K
  class space    used 2131K, capacity 2308K, committed 2432K, reserved 1048576K
}
Event: 2.820 GC heap before
{Heap before GC invocations=4 (full 1):
 PSYoungGen      total 18944K, used 2552K [0x00000000eb300000, 0x00000000ed800000, 0x0000000100000000)
  eden space 16384K, 0% used [0x00000000eb300000,0x00000000eb300000,0x00000000ec300000)
  from space 2560K, 99% used [0x00000000ec300000,0x00000000ec57e030,0x00000000ec580000)
  to   space 2560K, 0% used [0x00000000ed580000,0x00000000ed580000,0x00000000ed800000)
 ParOldGen       total 44032K, used 37135K [0x00000000c1800000, 0x00000000c4300000, 0x00000000eb300000)
  object space 44032K, 84% used [0x00000000c1800000,0x00000000c3c43f28,0x00000000c4300000)
 Metaspace       used 15139K, capacity 15846K, committed 16000K, reserved 1062912K
  class space    used 2131K, capacity 2308K, committed 2432K, reserved 1048576K
Event: 2.863 GC heap after
Heap after GC invocations=4 (full 1):
 PSYoungGen      total 18944K, used 0K [0x00000000eb300000, 0x00000000ed800000, 0x0000000100000000)
  eden space 16384K, 0% used [0x00000000eb300000,0x00000000eb300000,0x00000000ec300000)
  from space 2560K, 0% used [0x00000000ec300000,0x00000000ec300000,0x00000000ec580000)
  to   space 2560K, 0% used [0x00000000ed580000,0x00000000ed580000,0x00000000ed800000)
 ParOldGen       total 80896K, used 39421K [0x00000000c1800000, 0x00000000c6700000, 0x00000000eb300000)
  object space 80896K, 48% used [0x00000000c1800000,0x00000000c3e7f5f0,0x00000000c6700000)
 Metaspace       used 15139K, capacity 15846K, committed 16000K, reserved 1062912K
  class space    used 2131K, capacity 2308K, committed 2432K, reserved 1048576K
}

Deoptimization events (10 events):
Event: 1.005 Thread 0x0000000016f59800 Uncommon trap: reason=unstable_if action=reinterpret pc=0x0000000002f3c174 method=java.io.BufferedInputStream.read1([BII)I @ 22
Event: 1.005 Thread 0x0000000016f59800 Uncommon trap: reason=unstable_if action=reinterpret pc=0x0000000002f38e0c method=java.io.BufferedInputStream.read([BII)I @ 104
Event: 2.506 Thread 0x00000000171a6800 Uncommon trap: reason=unstable_if action=reinterpret pc=0x0000000002fd29a8 method=jdk.internal.org.objectweb.asm.Type.getArgumentsAndReturnSizes(Ljava/lang/String;)I @ 47
Event: 2.877 Thread 0x00000000171a6800 Uncommon trap: reason=unstable_if action=reinterpret pc=0x0000000002f231d8 method=java.lang.AbstractStringBuilder.append(Ljava/lang/String;)Ljava/lang/AbstractStringBuilder; @ 1
Event: 2.941 Thread 0x00000000171a6800 Uncommon trap: reason=class_check action=maybe_recompile pc=0x0000000002fb7d84 method=java.util.HashMap.putVal(ILjava/lang/Object;Ljava/lang/Object;ZZ)Ljava/lang/Object; @ 203
Event: 2.941 Thread 0x00000000171a6800 Uncommon trap: reason=class_check action=maybe_recompile pc=0x0000000002fb7d84 method=java.util.HashMap.putVal(ILjava/lang/Object;Ljava/lang/Object;ZZ)Ljava/lang/Object; @ 203
Event: 2.941 Thread 0x00000000171a6800 Uncommon trap: reason=class_check action=maybe_recompile pc=0x0000000002fb7d84 method=java.util.HashMap.putVal(ILjava/lang/Object;Ljava/lang/Object;ZZ)Ljava/lang/Object; @ 203
Event: 2.941 Thread 0x00000000171a6800 Uncommon trap: reason=class_check action=maybe_recompile pc=0x0000000002fb7d84 method=java.util.HashMap.putVal(ILjava/lang/Object;Ljava/lang/Object;ZZ)Ljava/lang/Object; @ 203
Event: 2.942 Thread 0x00000000171a6800 Uncommon trap: reason=class_check action=maybe_recompile pc=0x0000000002fba490 method=java.util.HashMap.putVal(ILjava/lang/Object;Ljava/lang/Object;ZZ)Ljava/lang/Object; @ 203
Event: 3.161 Thread 0x00000000171a6800 Uncommon trap: reason=unstable_if action=reinterpret pc=0x00000000030afb2c method=java.lang.ClassLoader.checkName(Ljava/lang/String;)Z @ 20

Internal exceptions (10 events):
Event: 0.448 Thread 0x00000000171a6800 Exception <a 'java/lang/NullPointerException'> (0x00000000ebdfa910) thrown at [C:\re\workspace\8-2-build-windows-amd64-cygwin\jdk8u112\7884\hotspot\src\share\vm\interpreter\linkResolver.cpp, line 1178]
Event: 0.448 Thread 0x00000000171a6800 Exception <a 'java/lang/NullPointerException'> (0x00000000ebdfa910) thrown at [C:\re\workspace\8-2-build-windows-amd64-cygwin\jdk8u112\7884\hotspot\src\share\vm\prims\jvm.cpp, line 1394]
Event: 0.503 Thread 0x00000000171a6800 Exception <a 'java/lang/ArrayIndexOutOfBoundsException'> (0x00000000ebfe5a08) thrown at [C:\re\workspace\8-2-build-windows-amd64-cygwin\jdk8u112\7884\hotspot\src\share\vm\runtime\sharedRuntime.cpp, line 605]
Event: 0.503 Thread 0x00000000171a6800 Exception <a 'java/lang/ArrayIndexOutOfBoundsException'> (0x00000000ebfe6708) thrown at [C:\re\workspace\8-2-build-windows-amd64-cygwin\jdk8u112\7884\hotspot\src\share\vm\runtime\sharedRuntime.cpp, line 605]
Event: 0.503 Thread 0x00000000171a6800 Exception <a 'java/lang/ArrayIndexOutOfBoundsException'> (0x00000000ebfe7ab0) thrown at [C:\re\workspace\8-2-build-windows-amd64-cygwin\jdk8u112\7884\hotspot\src\share\vm\runtime\sharedRuntime.cpp, line 605]
Event: 0.699 Thread 0x00000000171a6800 Exception <a 'java/lang/ArrayIndexOutOfBoundsException'> (0x00000000ebe5c168) thrown at [C:\re\workspace\8-2-build-windows-amd64-cygwin\jdk8u112\7884\hotspot\src\share\vm\runtime\sharedRuntime.cpp, line 605]
Event: 2.805 Thread 0x00000000171a6800 Exception <a 'java/lang/ArrayIndexOutOfBoundsException'> (0x00000000ec2afb98) thrown at [C:\re\workspace\8-2-build-windows-amd64-cygwin\jdk8u112\7884\hotspot\src\share\vm\runtime\sharedRuntime.cpp, line 605]
Event: 2.805 Thread 0x00000000171a6800 Exception <a 'java/lang/ArrayIndexOutOfBoundsException'> (0x00000000ec2b0d80) thrown at [C:\re\workspace\8-2-build-windows-amd64-cygwin\jdk8u112\7884\hotspot\src\share\vm\runtime\sharedRuntime.cpp, line 605]
Event: 2.805 Thread 0x00000000171a6800 Exception <a 'java/lang/ArrayIndexOutOfBoundsException'> (0x00000000ec2b29c0) thrown at [C:\re\workspace\8-2-build-windows-amd64-cygwin\jdk8u112\7884\hotspot\src\share\vm\runtime\sharedRuntime.cpp, line 605]
Event: 2.877 Thread 0x00000000171a6800 Implicit null exception at 0x0000000002f22e16 to 0x0000000002f231bd

Events (10 events):
Event: 3.328 loading class com/sun/javafx/scene/control/skin/TextInputControlSkin$7
Event: 3.328 loading class com/sun/javafx/scene/control/skin/TextInputControlSkin$7 done
Event: 3.329 loading class javafx/event/Event
Event: 3.329 loading class javafx/event/Event done
Event: 3.329 loading class javafx/scene/input/InputMethodEvent
Event: 3.329 loading class javafx/scene/input/InputMethodEvent done
Event: 3.329 loading class javafx/scene/input/InputMethodEvent
Event: 3.329 loading class javafx/scene/input/InputMethodEvent done
Event: 3.329 loading class com/sun/javafx/scene/control/skin/TextInputControlSkin
Event: 3.329 loading class com/sun/javafx/scene/control/skin/TextInputControlSkin done


Dynamic libraries:
0x00007ff76dd00000 - 0x00007ff76dd37000 	C:\Program Files\Java\jdk\jre\bin\java.exe
0x00007fff73680000 - 0x00007fff73851000 	C:\WINDOWS\SYSTEM32\ntdll.dll
0x00007fff72ce0000 - 0x00007fff72d8b000 	C:\WINDOWS\System32\KERNEL32.DLL
0x00007fff70080000 - 0x00007fff7029d000 	C:\WINDOWS\System32\KERNELBASE.dll
0x00007fff70d30000 - 0x00007fff70dd2000 	C:\WINDOWS\System32\ADVAPI32.dll
0x00007fff70de0000 - 0x00007fff70e7e000 	C:\WINDOWS\System32\msvcrt.dll
0x00007fff73620000 - 0x00007fff73679000 	C:\WINDOWS\System32\sechost.dll
0x00007fff72d90000 - 0x00007fff72eb1000 	C:\WINDOWS\System32\RPCRT4.dll
0x00007fff734b0000 - 0x00007fff73615000 	C:\WINDOWS\System32\USER32.dll
0x00007fff703f0000 - 0x00007fff7040e000 	C:\WINDOWS\System32\win32u.dll
0x00007fff72660000 - 0x00007fff72694000 	C:\WINDOWS\System32\GDI32.dll
0x00007fff6fea0000 - 0x00007fff70022000 	C:\WINDOWS\System32\gdi32full.dll
0x00007fff621f0000 - 0x00007fff6246a000 	C:\WINDOWS\WinSxS\amd64_microsoft.windows.common-controls_6595b64144ccf1df_6.0.14393.953_none_42151e83c686086b\COMCTL32.dll
0x00007fff72390000 - 0x00007fff72658000 	C:\WINDOWS\System32\combase.dll
0x00007fff6fb70000 - 0x00007fff6fc65000 	C:\WINDOWS\System32\ucrtbase.dll
0x00007fff70410000 - 0x00007fff7047a000 	C:\WINDOWS\System32\bcryptPrimitives.dll
0x00007fff726b0000 - 0x00007fff726de000 	C:\WINDOWS\System32\IMM32.DLL
0x000000006b570000 - 0x000000006b642000 	C:\Program Files\Java\jdk\jre\bin\msvcr100.dll
0x000000006a440000 - 0x000000006acda000 	C:\Program Files\Java\jdk\jre\bin\server\jvm.dll
0x00007fff73320000 - 0x00007fff73328000 	C:\WINDOWS\System32\PSAPI.DLL
0x00007fff6db50000 - 0x00007fff6db59000 	C:\WINDOWS\SYSTEM32\WSOCK32.dll
0x00007fff6dbb0000 - 0x00007fff6dbd3000 	C:\WINDOWS\SYSTEM32\WINMM.dll
0x00007fff73110000 - 0x00007fff7317a000 	C:\WINDOWS\System32\WS2_32.dll
0x00007fff6ad70000 - 0x00007fff6ad7a000 	C:\WINDOWS\SYSTEM32\VERSION.dll
0x00007fff6d770000 - 0x00007fff6d79b000 	C:\WINDOWS\SYSTEM32\WINMMBASE.dll
0x00007fff70030000 - 0x00007fff70072000 	C:\WINDOWS\System32\cfgmgr32.dll
0x000000006b520000 - 0x000000006b52f000 	C:\Program Files\Java\jdk\jre\bin\verify.dll
0x000000006b4f0000 - 0x000000006b519000 	C:\Program Files\Java\jdk\jre\bin\java.dll
0x000000006b4d0000 - 0x000000006b4e6000 	C:\Program Files\Java\jdk\jre\bin\zip.dll
0x00007fff70e80000 - 0x00007fff72388000 	C:\WINDOWS\System32\SHELL32.dll
0x00007fff70530000 - 0x00007fff70c0a000 	C:\WINDOWS\System32\windows.storage.dll
0x00007fff6fb20000 - 0x00007fff6fb6c000 	C:\WINDOWS\System32\powrprof.dll
0x00007fff72850000 - 0x00007fff728a2000 	C:\WINDOWS\System32\shlwapi.dll
0x00007fff6fb10000 - 0x00007fff6fb1f000 	C:\WINDOWS\System32\kernel.appcore.dll
0x00007fff70480000 - 0x00007fff70529000 	C:\WINDOWS\System32\shcore.dll
0x00007fff6faf0000 - 0x00007fff6fb04000 	C:\WINDOWS\System32\profapi.dll
0x00007fff5fb50000 - 0x00007fff5fc3f000 	C:\Program Files\Java\jdk\jre\bin\msvcr120.dll
0x00007fff61540000 - 0x00007fff615e6000 	C:\Program Files\Java\jdk\jre\bin\msvcp120.dll
0x000000006b1e0000 - 0x000000006b202000 	C:\Program Files\Java\jdk\jre\bin\prism_d3d.dll
0x00007fff5f9c0000 - 0x00007fff5fb4d000 	C:\WINDOWS\system32\d3d9.dll
0x00007fff6c130000 - 0x00007fff6c156000 	C:\WINDOWS\SYSTEM32\dwmapi.dll
0x00007fff6e160000 - 0x00007fff6e1f5000 	C:\WINDOWS\system32\uxtheme.dll
0x00007fff38100000 - 0x00007fff3d8e4000 	C:\WINDOWS\System32\DriverStore\FileRepository\igdlh64.inf_amd64_463164d40c3d26ce\igdumdim64.dll
0x00007fff733f0000 - 0x00007fff734af000 	C:\WINDOWS\System32\OLEAUT32.dll
0x00007fff70350000 - 0x00007fff703ec000 	C:\WINDOWS\System32\msvcp_win.dll
0x00007fff72f60000 - 0x00007fff73097000 	C:\WINDOWS\System32\ole32.dll
0x00007fff728b0000 - 0x00007fff72cd9000 	C:\WINDOWS\System32\SETUPAPI.dll
0x000000006b190000 - 0x000000006b1d3000 	C:\Program Files\Java\jdk\jre\bin\glass.dll
0x00007fff70c10000 - 0x00007fff70d0a000 	C:\WINDOWS\System32\COMDLG32.dll
0x00007fff726e0000 - 0x00007fff7283a000 	C:\WINDOWS\System32\MSCTF.dll
0x00007fff64410000 - 0x00007fff6556d000 	C:\WINDOWS\System32\DriverStore\FileRepository\igdlh64.inf_amd64_463164d40c3d26ce\igc64.dll
0x000000006b160000 - 0x000000006b183000 	C:\Program Files\Java\jdk\jre\bin\javafx_iio.dll
0x000000006b140000 - 0x000000006b154000 	C:\Program Files\Java\jdk\jre\bin\javafx_font.dll
0x00007fff63750000 - 0x00007fff639b9000 	C:\WINDOWS\SYSTEM32\dwrite.dll
0x00007fff72ec0000 - 0x00007fff72f5f000 	C:\WINDOWS\System32\clbcatq.dll
0x00007fff6a820000 - 0x00007fff6a9c8000 	C:\WINDOWS\SYSTEM32\WindowsCodecs.dll
0x00007fff584c0000 - 0x00007fff58509000 	C:\WINDOWS\system32\dataexchange.dll
0x00007fff6d2b0000 - 0x00007fff6d401000 	C:\WINDOWS\system32\dcomp.dll
0x00007fff6c6c0000 - 0x00007fff6c976000 	C:\WINDOWS\system32\d3d11.dll
0x00007fff6ea60000 - 0x00007fff6eaff000 	C:\WINDOWS\system32\dxgi.dll
0x00007fff6e5f0000 - 0x00007fff6e70c000 	C:\WINDOWS\system32\twinapi.appcore.dll
0x00007fff6fa20000 - 0x00007fff6fa4b000 	C:\WINDOWS\system32\bcrypt.dll
0x00007fff6bed0000 - 0x00007fff6bf02000 	C:\Program Files\Common Files\Microsoft Shared\Ink\rtscom.dll
0x00007fff63a50000 - 0x00007fff63faf000 	C:\WINDOWS\SYSTEM32\d2d1.dll
0x00007fff6fcd0000 - 0x00007fff6fe99000 	C:\WINDOWS\System32\CRYPT32.dll
0x00007fff6fae0000 - 0x00007fff6faf0000 	C:\WINDOWS\System32\MSASN1.dll
0x00007fff53df0000 - 0x00007fff5407d000 	C:\WINDOWS\SYSTEM32\D3D10Warp.dll
0x000000006b120000 - 0x000000006b131000 	C:\Program Files\Java\jdk\jre\bin\prism_common.dll
0x000000006b4b0000 - 0x000000006b4ca000 	C:\Program Files\Java\jdk\jre\bin\net.dll
0x00007fff6f3b0000 - 0x00007fff6f40c000 	C:\WINDOWS\system32\mswsock.dll
0x00007fff6f180000 - 0x00007fff6f221000 	C:\WINDOWS\SYSTEM32\DNSAPI.dll
0x00007fff72840000 - 0x00007fff72848000 	C:\WINDOWS\System32\NSI.dll
0x00007fff6f130000 - 0x00007fff6f168000 	C:\WINDOWS\SYSTEM32\IPHLPAPI.DLL
0x00007fff62f60000 - 0x00007fff62f6a000 	C:\Windows\System32\rasadhlp.dll
0x00007fff68c60000 - 0x00007fff68cca000 	C:\WINDOWS\System32\fwpuclnt.dll
0x00007fff6d4d0000 - 0x00007fff6d662000 	C:\WINDOWS\SYSTEM32\dbghelp.dll

VM Arguments:
jvm_args: -Dfile.encoding=UTF-8 
java_command: adjhms.Main
java_class_path (initial): F:\adjhms\adjhms\dist\adjhms.jar;C:\Program Files\Java\jdk\jre\lib\javaws.jar;C:\Program Files\Java\jdk\jre\lib\deploy.jar;C:\Program Files\Java\jdk\jre\lib\plugin.jar;C:\Program Files (x86)\NetBeans 8.2\ide\modules\ext\mysql-connector-java-5.1.23-bin.jar;F:\adjhms\adjhms\build\classes
Launcher Type: SUN_STANDARD

Environment Variables:
PATH=C:\ProgramData\Oracle\Java\javapath;C:\Program Files (x86)\Intel\iCLS Client\;C:\Program Files\Intel\iCLS Client\;C:\Windows\system32;C:\Windows;C:\Windows\System32\Wbem;C:\Windows\System32\WindowsPowerShell\v1.0\;C:\Program Files (x86)\Intel\Intel(R) Management Engine Components\DAL;C:\Program Files\Intel\Intel(R) Management Engine Components\DAL;C:\Program Files (x86)\Intel\Intel(R) Management Engine Components\IPT;C:\Program Files\Intel\Intel(R) Management Engine Components\IPT;C:\Program Files (x86)\NVIDIA Corporation\PhysX\Common;C:\WINDOWS\system32;C:\WINDOWS;C:\WINDOWS\System32\Wbem;C:\WINDOWS\System32\WindowsPowerShell\v1.0\;C:\Program Files\Java\jdk\bin;C:\Program Files\Java\jre\bin;C:\Program Files (x86)\Skype\Phone\;C:\Users\User\AppData\Local\Microsoft\WindowsApps;
USERNAME=User
OS=Windows_NT
PROCESSOR_IDENTIFIER=Intel64 Family 6 Model 78 Stepping 3, GenuineIntel



---------------  S Y S T E M  ---------------

OS: Windows 10.0 , 64 bit Build 14393 (10.0.14393.0)

CPU:total 4 (2 cores per cpu, 2 threads per core) family 6 model 78 stepping 3, cmov, cx8, fxsr, mmx, sse, sse2, sse3, ssse3, sse4.1, sse4.2, popcnt, avx, avx2, aes, clmul, erms, 3dnowpref, lzcnt, ht, tsc, tscinvbit, bmi1, bmi2, adx

Memory: 4k page, physical 4087888k(1084684k free), swap 6840400k(2722620k free)

vm_info: Java HotSpot(TM) 64-Bit Server VM (25.112-b15) for windows-amd64 JRE (1.8.0_112-b15), built on Sep 22 2016 21:31:56 by "java_re" with MS VC++ 10.0 (VS2010)

time: Mon May 22 11:54:09 2017
elapsed time: 3 seconds (0d 0h 0m 3s)

